<?xml version="1.0" encoding="UTF-8"?>
<testng-results ignored="0" total="1" passed="1" failed="0" skipped="0">
  <reporter-output>
  </reporter-output>
  <suite started-at="2024-01-23T13:07:53 IST" name="Default suite" finished-at="2024-01-23T13:08:09 IST" duration-ms="16805">
    <groups>
    </groups>
    <test started-at="2024-01-23T13:07:53 IST" name="Default test" finished-at="2024-01-23T13:08:09 IST" duration-ms="16805">
      <class name="LaunchingApp.saucedemo">
        <test-method signature="setup()[pri:0, instance:LaunchingApp.saucedemo@66f57048]" started-at="2024-01-23T13:07:53 IST" name="setup" finished-at="2024-01-23T13:08:09 IST" duration-ms="16740" status="PASS">
          <reporter-output>
          </reporter-output>
        </test-method> <!-- setup -->
      </class> <!-- LaunchingApp.saucedemo -->
    </test> <!-- Default test -->
  </suite> <!-- Default suite -->
</testng-results>
